[INFO  Wed Jun 12 21:44:41 2024] ...e/nvim/lazy/mason.nvim/lua/mason-core/installer/init.lua:184: Executing installer for Package(name=stylua) {}
[INFO  Wed Jun 12 21:44:41 2024] ...e/nvim/lazy/mason.nvim/lua/mason-core/installer/init.lua:184: Executing installer for Package(name=shfmt) {}
[INFO  Wed Jun 12 21:44:53 2024] ...e/nvim/lazy/mason.nvim/lua/mason-core/installer/init.lua:245: Installation succeeded for Package(name=shfmt)
[ERROR Wed Jun 12 21:44:57 2024] ...e/nvim/lazy/mason.nvim/lua/mason-core/installer/init.lua:249: Installation failed for Package(name=stylua) error=spawn: unzip failed with exit code - and signal -. unzip is not executable
[INFO  Wed Jun 12 21:45:47 2024] ...e/nvim/lazy/mason.nvim/lua/mason-core/installer/init.lua:184: Executing installer for Package(name=stylua) {}
[INFO  Wed Jun 12 21:45:47 2024] ...e/nvim/lazy/mason.nvim/lua/mason-core/installer/init.lua:184: Executing installer for Package(name=lua-language-server) {}
[ERROR Wed Jun 12 21:45:57 2024] ...e/nvim/lazy/mason.nvim/lua/mason-core/installer/init.lua:249: Installation failed for Package(name=lua-language-server) error="Installation was aborted."
[ERROR Wed Jun 12 21:45:57 2024] ...e/nvim/lazy/mason.nvim/lua/mason-core/installer/init.lua:249: Installation failed for Package(name=stylua) error="Installation was aborted."
[INFO  Wed Jun 12 21:46:16 2024] ...e/nvim/lazy/mason.nvim/lua/mason-core/installer/init.lua:184: Executing installer for Package(name=stylua) {}
[INFO  Wed Jun 12 21:46:16 2024] ...e/nvim/lazy/mason.nvim/lua/mason-core/installer/init.lua:184: Executing installer for Package(name=lua-language-server) {}
[ERROR Wed Jun 12 21:46:31 2024] ...e/nvim/lazy/mason.nvim/lua/mason-core/installer/init.lua:249: Installation failed for Package(name=stylua) error=spawn: unzip failed with exit code - and signal -. unzip is not executable
[INFO  Wed Jun 12 21:46:33 2024] ...e/nvim/lazy/mason.nvim/lua/mason-core/installer/init.lua:245: Installation succeeded for Package(name=lua-language-server)
[INFO  Wed Jun 12 21:47:37 2024] ...e/nvim/lazy/mason.nvim/lua/mason-core/installer/init.lua:184: Executing installer for Package(name=stylua) {}
[ERROR Wed Jun 12 21:47:44 2024] ...e/nvim/lazy/mason.nvim/lua/mason-core/installer/init.lua:249: Installation failed for Package(name=stylua) error="Installation was aborted."
[INFO  Wed Jun 12 21:48:05 2024] ...e/nvim/lazy/mason.nvim/lua/mason-core/installer/init.lua:184: Executing installer for Package(name=stylua) {}
[ERROR Wed Jun 12 21:48:06 2024] ...e/nvim/lazy/mason.nvim/lua/mason-core/installer/init.lua:249: Installation failed for Package(name=stylua) error="Installation was aborted."
[INFO  Wed Jun 12 21:49:42 2024] ...e/nvim/lazy/mason.nvim/lua/mason-core/installer/init.lua:184: Executing installer for Package(name=stylua) {}
[ERROR Wed Jun 12 21:49:44 2024] ...e/nvim/lazy/mason.nvim/lua/mason-core/installer/init.lua:249: Installation failed for Package(name=stylua) error="Installation was aborted."
[INFO  Wed Jun 12 21:49:55 2024] ...e/nvim/lazy/mason.nvim/lua/mason-core/installer/init.lua:184: Executing installer for Package(name=stylua) {}
[ERROR Wed Jun 12 21:50:04 2024] ...e/nvim/lazy/mason.nvim/lua/mason-core/installer/init.lua:249: Installation failed for Package(name=stylua) error=spawn: unzip failed with exit code - and signal -. unzip is not executable
[INFO  Wed Jun 12 21:54:17 2024] ...e/nvim/lazy/mason.nvim/lua/mason-core/installer/init.lua:184: Executing installer for Package(name=stylua) {}
[ERROR Wed Jun 12 21:54:20 2024] ...e/nvim/lazy/mason.nvim/lua/mason-core/installer/init.lua:249: Installation failed for Package(name=stylua) error="Installation was aborted."
[INFO  Wed Jun 12 22:03:37 2024] ...e/nvim/lazy/mason.nvim/lua/mason-core/installer/init.lua:184: Executing installer for Package(name=stylua) {}
[ERROR Wed Jun 12 22:03:42 2024] ...e/nvim/lazy/mason.nvim/lua/mason-core/installer/init.lua:249: Installation failed for Package(name=stylua) error="Installation was aborted."
[INFO  Wed Jun 12 22:07:01 2024] ...e/nvim/lazy/mason.nvim/lua/mason-core/installer/init.lua:184: Executing installer for Package(name=stylua) {}
[ERROR Wed Jun 12 22:07:03 2024] ...e/nvim/lazy/mason.nvim/lua/mason-core/installer/init.lua:249: Installation failed for Package(name=stylua) error="Installation was aborted."
[INFO  Wed Jun 12 22:07:31 2024] ...e/nvim/lazy/mason.nvim/lua/mason-core/installer/init.lua:184: Executing installer for Package(name=stylua) {}
[ERROR Wed Jun 12 22:07:40 2024] ...e/nvim/lazy/mason.nvim/lua/mason-core/installer/init.lua:249: Installation failed for Package(name=stylua) error=spawn: unzip failed with exit code - and signal -. unzip is not executable
[INFO  Wed Jun 12 22:15:02 2024] ...e/nvim/lazy/mason.nvim/lua/mason-core/installer/init.lua:184: Executing installer for Package(name=stylua) {}
[ERROR Wed Jun 12 22:15:11 2024] ...e/nvim/lazy/mason.nvim/lua/mason-core/installer/init.lua:249: Installation failed for Package(name=stylua) error="Installation was aborted."
[INFO  Wed Jun 12 22:15:30 2024] ...e/nvim/lazy/mason.nvim/lua/mason-core/installer/init.lua:184: Executing installer for Package(name=stylua) {}
[ERROR Wed Jun 12 22:15:39 2024] ...e/nvim/lazy/mason.nvim/lua/mason-core/installer/init.lua:249: Installation failed for Package(name=stylua) error=spawn: unzip failed with exit code - and signal -. unzip is not executable
[INFO  Wed Jun 12 22:17:42 2024] ...e/nvim/lazy/mason.nvim/lua/mason-core/installer/init.lua:184: Executing installer for Package(name=stylua) {}
[ERROR Wed Jun 12 22:17:51 2024] ...e/nvim/lazy/mason.nvim/lua/mason-core/installer/init.lua:249: Installation failed for Package(name=stylua) error=spawn: unzip failed with exit code - and signal -. unzip is not executable
[INFO  Wed Jun 12 22:21:51 2024] ...e/nvim/lazy/mason.nvim/lua/mason-core/installer/init.lua:184: Executing installer for Package(name=stylua) {}
[ERROR Wed Jun 12 22:22:00 2024] ...e/nvim/lazy/mason.nvim/lua/mason-core/installer/init.lua:249: Installation failed for Package(name=stylua) error=spawn: unzip failed with exit code - and signal -. unzip is not executable
[INFO  Wed Jun 12 22:22:14 2024] ...e/nvim/lazy/mason.nvim/lua/mason-core/installer/init.lua:184: Executing installer for Package(name=stylua) {}
[ERROR Wed Jun 12 22:22:23 2024] ...e/nvim/lazy/mason.nvim/lua/mason-core/installer/init.lua:249: Installation failed for Package(name=stylua) error=spawn: unzip failed with exit code - and signal -. unzip is not executable
[INFO  Wed Jun 12 22:26:55 2024] ...e/nvim/lazy/mason.nvim/lua/mason-core/installer/init.lua:184: Executing installer for Package(name=stylua) {}
[ERROR Wed Jun 12 22:27:04 2024] ...e/nvim/lazy/mason.nvim/lua/mason-core/installer/init.lua:249: Installation failed for Package(name=stylua) error=spawn: unzip failed with exit code - and signal -. unzip is not executable
[INFO  Wed Jun 12 22:27:36 2024] ...e/nvim/lazy/mason.nvim/lua/mason-core/installer/init.lua:184: Executing installer for Package(name=stylua) {}
[ERROR Wed Jun 12 22:27:45 2024] ...e/nvim/lazy/mason.nvim/lua/mason-core/installer/init.lua:249: Installation failed for Package(name=stylua) error=spawn: unzip failed with exit code - and signal -. unzip is not executable
[INFO  Wed Jun 12 22:29:06 2024] ...e/nvim/lazy/mason.nvim/lua/mason-core/installer/init.lua:184: Executing installer for Package(name=stylua) {}
[ERROR Wed Jun 12 22:29:16 2024] ...e/nvim/lazy/mason.nvim/lua/mason-core/installer/init.lua:249: Installation failed for Package(name=stylua) error=spawn: unzip failed with exit code - and signal -. unzip is not executable
[INFO  Wed Jun 12 22:29:54 2024] ...e/nvim/lazy/mason.nvim/lua/mason-core/installer/init.lua:184: Executing installer for Package(name=stylua) {}
[ERROR Wed Jun 12 22:30:04 2024] ...e/nvim/lazy/mason.nvim/lua/mason-core/installer/init.lua:249: Installation failed for Package(name=stylua) error=spawn: unzip failed with exit code - and signal -. unzip is not executable
[INFO  Wed Jun 12 22:30:58 2024] ...e/nvim/lazy/mason.nvim/lua/mason-core/installer/init.lua:184: Executing installer for Package(name=stylua) {}
[ERROR Wed Jun 12 22:30:59 2024] ...e/nvim/lazy/mason.nvim/lua/mason-core/installer/init.lua:249: Installation failed for Package(name=stylua) error="Installation was aborted."
[INFO  Wed Jun 12 22:31:07 2024] ...e/nvim/lazy/mason.nvim/lua/mason-core/installer/init.lua:184: Executing installer for Package(name=stylua) {}
[ERROR Wed Jun 12 22:31:11 2024] ...e/nvim/lazy/mason.nvim/lua/mason-core/installer/init.lua:249: Installation failed for Package(name=stylua) error="Installation was aborted."
[INFO  Wed Jun 12 22:31:19 2024] ...e/nvim/lazy/mason.nvim/lua/mason-core/installer/init.lua:184: Executing installer for Package(name=stylua) {}
[ERROR Wed Jun 12 22:31:21 2024] ...e/nvim/lazy/mason.nvim/lua/mason-core/installer/init.lua:249: Installation failed for Package(name=stylua) error="Installation was aborted."
[INFO  Wed Jun 12 22:31:39 2024] ...e/nvim/lazy/mason.nvim/lua/mason-core/installer/init.lua:184: Executing installer for Package(name=stylua) {}
[ERROR Wed Jun 12 22:31:48 2024] ...e/nvim/lazy/mason.nvim/lua/mason-core/installer/init.lua:249: Installation failed for Package(name=stylua) error=spawn: unzip failed with exit code - and signal -. unzip is not executable
[INFO  Wed Jun 12 22:54:15 2024] ...e/nvim/lazy/mason.nvim/lua/mason-core/installer/init.lua:184: Executing installer for Package(name=stylua) {}
[ERROR Wed Jun 12 22:54:25 2024] ...e/nvim/lazy/mason.nvim/lua/mason-core/installer/init.lua:249: Installation failed for Package(name=stylua) error=spawn: unzip failed with exit code - and signal -. unzip is not executable
[INFO  Wed Jun 12 22:54:53 2024] ...e/nvim/lazy/mason.nvim/lua/mason-core/installer/init.lua:184: Executing installer for Package(name=stylua) {}
[ERROR Wed Jun 12 22:55:02 2024] ...e/nvim/lazy/mason.nvim/lua/mason-core/installer/init.lua:249: Installation failed for Package(name=stylua) error=spawn: unzip failed with exit code - and signal -. unzip is not executable
[INFO  Wed Jun 12 23:00:57 2024] ...e/nvim/lazy/mason.nvim/lua/mason-core/installer/init.lua:184: Executing installer for Package(name=stylua) {}
[ERROR Wed Jun 12 23:01:07 2024] ...e/nvim/lazy/mason.nvim/lua/mason-core/installer/init.lua:249: Installation failed for Package(name=stylua) error=spawn: unzip failed with exit code - and signal -. unzip is not executable
[INFO  Wed Jun 12 23:01:23 2024] ...e/nvim/lazy/mason.nvim/lua/mason-core/installer/init.lua:184: Executing installer for Package(name=stylua) {}
[ERROR Wed Jun 12 23:01:31 2024] ...e/nvim/lazy/mason.nvim/lua/mason-core/installer/init.lua:249: Installation failed for Package(name=stylua) error="Installation was aborted."
[INFO  Wed Jun 12 23:01:36 2024] ...e/nvim/lazy/mason.nvim/lua/mason-core/installer/init.lua:184: Executing installer for Package(name=stylua) {}
[ERROR Wed Jun 12 23:01:45 2024] ...e/nvim/lazy/mason.nvim/lua/mason-core/installer/init.lua:249: Installation failed for Package(name=stylua) error=spawn: unzip failed with exit code - and signal -. unzip is not executable
[INFO  Wed Jun 12 23:11:39 2024] ...e/nvim/lazy/mason.nvim/lua/mason-core/installer/init.lua:184: Executing installer for Package(name=stylua) {}
[ERROR Wed Jun 12 23:11:43 2024] ...e/nvim/lazy/mason.nvim/lua/mason-core/installer/init.lua:249: Installation failed for Package(name=stylua) error="Installation was aborted."
[INFO  Wed Jun 12 23:12:22 2024] ...e/nvim/lazy/mason.nvim/lua/mason-core/installer/init.lua:184: Executing installer for Package(name=stylua) {}
[ERROR Wed Jun 12 23:12:30 2024] ...e/nvim/lazy/mason.nvim/lua/mason-core/installer/init.lua:249: Installation failed for Package(name=stylua) error=spawn: unzip failed with exit code - and signal -. unzip is not executable
[INFO  Wed Jun 12 23:13:13 2024] ...e/nvim/lazy/mason.nvim/lua/mason-core/installer/init.lua:184: Executing installer for Package(name=stylua) {}
[ERROR Wed Jun 12 23:13:21 2024] ...e/nvim/lazy/mason.nvim/lua/mason-core/installer/init.lua:249: Installation failed for Package(name=stylua) error=spawn: unzip failed with exit code - and signal -. unzip is not executable
[INFO  Wed Jun 12 23:13:51 2024] ...e/nvim/lazy/mason.nvim/lua/mason-core/installer/init.lua:184: Executing installer for Package(name=stylua) {}
[ERROR Wed Jun 12 23:13:53 2024] ...e/nvim/lazy/mason.nvim/lua/mason-core/installer/init.lua:249: Installation failed for Package(name=stylua) error="Installation was aborted."
[INFO  Wed Jun 12 23:14:23 2024] ...e/nvim/lazy/mason.nvim/lua/mason-core/installer/init.lua:184: Executing installer for Package(name=stylua) {}
[ERROR Wed Jun 12 23:14:31 2024] ...e/nvim/lazy/mason.nvim/lua/mason-core/installer/init.lua:249: Installation failed for Package(name=stylua) error=spawn: unzip failed with exit code - and signal -. unzip is not executable
[INFO  Wed Jun 12 23:15:01 2024] ...e/nvim/lazy/mason.nvim/lua/mason-core/installer/init.lua:184: Executing installer for Package(name=stylua) {}
[ERROR Wed Jun 12 23:15:09 2024] ...e/nvim/lazy/mason.nvim/lua/mason-core/installer/init.lua:249: Installation failed for Package(name=stylua) error="Installation was aborted."
[INFO  Wed Jun 12 23:20:42 2024] ...e/nvim/lazy/mason.nvim/lua/mason-core/installer/init.lua:184: Executing installer for Package(name=stylua) {}
[ERROR Wed Jun 12 23:20:46 2024] ...e/nvim/lazy/mason.nvim/lua/mason-core/installer/init.lua:249: Installation failed for Package(name=stylua) error="Installation was aborted."
[INFO  Wed Jun 12 23:21:59 2024] ...e/nvim/lazy/mason.nvim/lua/mason-core/installer/init.lua:184: Executing installer for Package(name=stylua) {}
[ERROR Wed Jun 12 23:22:08 2024] ...e/nvim/lazy/mason.nvim/lua/mason-core/installer/init.lua:249: Installation failed for Package(name=stylua) error=spawn: unzip failed with exit code - and signal -. unzip is not executable
[INFO  Wed Jun 12 23:23:24 2024] ...e/nvim/lazy/mason.nvim/lua/mason-core/installer/init.lua:184: Executing installer for Package(name=stylua) {}
[ERROR Wed Jun 12 23:23:32 2024] ...e/nvim/lazy/mason.nvim/lua/mason-core/installer/init.lua:249: Installation failed for Package(name=stylua) error=spawn: unzip failed with exit code - and signal -. unzip is not executable
